{
  "uid" : "1db019d5ff40c9ef",
  "name" : "test_guest_cant_see_success_message_after_adding_product_to_basket[Browser: Safari]",
  "fullName" : "test_product_page#test_guest_cant_see_success_message_after_adding_product_to_basket",
  "historyId" : "129d58288a268e37d2f03d0aa95b37f4",
  "time" : {
    "start" : 1651656569635,
    "stop" : 1651656571306,
    "duration" : 1671
  },
  "status" : "skipped",
  "statusMessage" : "XFAIL\n\nselenium.common.exceptions.NoSuchFrameException: Message: Callback was not called before the unload event.",
  "statusTrace" : "E   selenium.common.exceptions.NoSuchFrameException: Message: Callback was not called before the unload event.",
  "flaky" : false,
  "newFailed" : false,
  "newBroken" : false,
  "newPassed" : false,
  "retriesCount" : 0,
  "retriesStatusChange" : false,
  "beforeStages" : [ {
    "name" : "browser",
    "time" : {
      "start" : 1651656567268,
      "stop" : 1651656568661,
      "duration" : 1393
    },
    "status" : "passed",
    "steps" : [ ],
    "attachments" : [ ],
    "parameters" : [ ],
    "stepsCount" : 0,
    "attachmentsCount" : 0,
    "shouldDisplayMessage" : false,
    "hasContent" : false
  } ],
  "testStage" : {
    "status" : "skipped",
    "statusMessage" : "XFAIL\n\nselenium.common.exceptions.NoSuchFrameException: Message: Callback was not called before the unload event.",
    "statusTrace" : "E   selenium.common.exceptions.NoSuchFrameException: Message: Callback was not called before the unload event.",
    "steps" : [ ],
    "attachments" : [ {
      "uid" : "ee2d9ba176a54e2d",
      "name" : "step_screenshot",
      "source" : "ee2d9ba176a54e2d.png",
      "type" : "image/png",
      "size" : 37940
    }, {
      "uid" : "df810c9d6ec49689",
      "name" : "step_screenshot",
      "source" : "df810c9d6ec49689.png",
      "type" : "image/png",
      "size" : 138310
    } ],
    "parameters" : [ ],
    "stepsCount" : 0,
    "attachmentsCount" : 2,
    "shouldDisplayMessage" : true,
    "hasContent" : true
  },
  "afterStages" : [ {
    "name" : "browser::<lambda>",
    "time" : {
      "start" : 1651656579690,
      "stop" : 1651656579779,
      "duration" : 89
    },
    "status" : "passed",
    "steps" : [ ],
    "attachments" : [ {
      "uid" : "b7448b076cf8269e",
      "name" : "name",
      "source" : "b7448b076cf8269e.png",
      "type" : "image/png",
      "size" : 84031
    } ],
    "parameters" : [ ],
    "stepsCount" : 0,
    "attachmentsCount" : 1,
    "shouldDisplayMessage" : false,
    "hasContent" : true
  } ],
  "labels" : [ {
    "name" : "tag",
    "value" : "@pytest.mark.xfail"
  }, {
    "name" : "suite",
    "value" : "test_product_page"
  }, {
    "name" : "host",
    "value" : "fv-az38-367"
  }, {
    "name" : "thread",
    "value" : "2532-MainThread"
  }, {
    "name" : "framework",
    "value" : "pytest"
  }, {
    "name" : "language",
    "value" : "cpython3"
  }, {
    "name" : "package",
    "value" : "test_product_page"
  }, {
    "name" : "resultFormat",
    "value" : "allure2"
  } ],
  "parameters" : [ {
    "name" : "browser",
    "value" : "'Safari'"
  } ],
  "links" : [ ],
  "hidden" : false,
  "retry" : false,
  "extra" : {
    "severity" : "normal",
    "retries" : [ ],
    "categories" : [ ],
    "tags" : [ "@pytest.mark.xfail" ]
  },
  "source" : "1db019d5ff40c9ef.json",
  "parameterValues" : [ "'Safari'" ]
}