{
  "uid" : "3425964c83f407b0",
  "name" : "test_message_disappeared_after_adding_product_to_basket[Browser: Safari]",
  "fullName" : "test_product_page#test_message_disappeared_after_adding_product_to_basket",
  "historyId" : "8496e3379bf49e957c99e401757bd4f1",
  "time" : {
    "start" : 1651656576258,
    "stop" : 1651656579016,
    "duration" : 2758
  },
  "status" : "skipped",
  "statusMessage" : "XFAIL\n\nselenium.common.exceptions.NoSuchFrameException: Message: Callback was not called before the unload event.",
  "statusTrace" : "E   selenium.common.exceptions.NoSuchFrameException: Message: Callback was not called before the unload event.",
  "flaky" : false,
  "newFailed" : false,
  "newBroken" : false,
  "newPassed" : false,
  "retriesCount" : 0,
  "retriesStatusChange" : false,
  "beforeStages" : [ {
    "name" : "browser",
    "time" : {
      "start" : 1651656568087,
      "stop" : 1651656569194,
      "duration" : 1107
    },
    "status" : "passed",
    "steps" : [ ],
    "attachments" : [ ],
    "parameters" : [ ],
    "stepsCount" : 0,
    "attachmentsCount" : 0,
    "shouldDisplayMessage" : false,
    "hasContent" : false
  } ],
  "testStage" : {
    "status" : "skipped",
    "statusMessage" : "XFAIL\n\nselenium.common.exceptions.NoSuchFrameException: Message: Callback was not called before the unload event.",
    "statusTrace" : "E   selenium.common.exceptions.NoSuchFrameException: Message: Callback was not called before the unload event.",
    "steps" : [ ],
    "attachments" : [ {
      "uid" : "88ec2d093ebf84fe",
      "name" : "step_screenshot",
      "source" : "88ec2d093ebf84fe.png",
      "type" : "image/png",
      "size" : 137487
    }, {
      "uid" : "46e2bdbc4b77740c",
      "name" : "step_screenshot",
      "source" : "46e2bdbc4b77740c.png",
      "type" : "image/png",
      "size" : 84031
    } ],
    "parameters" : [ ],
    "stepsCount" : 0,
    "attachmentsCount" : 2,
    "shouldDisplayMessage" : true,
    "hasContent" : true
  },
  "afterStages" : [ {
    "name" : "browser::<lambda>",
    "time" : {
      "start" : 1651656579018,
      "stop" : 1651656579261,
      "duration" : 243
    },
    "status" : "passed",
    "steps" : [ ],
    "attachments" : [ {
      "uid" : "fd54bd6a3bd6b94",
      "name" : "name",
      "source" : "fd54bd6a3bd6b94.png",
      "type" : "image/png",
      "size" : 84031
    } ],
    "parameters" : [ ],
    "stepsCount" : 0,
    "attachmentsCount" : 1,
    "shouldDisplayMessage" : false,
    "hasContent" : true
  } ],
  "labels" : [ {
    "name" : "tag",
    "value" : "@pytest.mark.xfail"
  }, {
    "name" : "suite",
    "value" : "test_product_page"
  }, {
    "name" : "host",
    "value" : "fv-az38-367"
  }, {
    "name" : "thread",
    "value" : "2540-MainThread"
  }, {
    "name" : "framework",
    "value" : "pytest"
  }, {
    "name" : "language",
    "value" : "cpython3"
  }, {
    "name" : "package",
    "value" : "test_product_page"
  }, {
    "name" : "resultFormat",
    "value" : "allure2"
  } ],
  "parameters" : [ {
    "name" : "browser",
    "value" : "'Safari'"
  } ],
  "links" : [ ],
  "hidden" : false,
  "retry" : false,
  "extra" : {
    "severity" : "normal",
    "retries" : [ ],
    "categories" : [ ],
    "tags" : [ "@pytest.mark.xfail" ]
  },
  "source" : "3425964c83f407b0.json",
  "parameterValues" : [ "'Safari'" ]
}