{
  "uid" : "412977ec26c7f9b1",
  "name" : "test_guest_cant_see_success_message_after_adding_product_to_basket[Browser: Safari]",
  "fullName" : "test_product_page#test_guest_cant_see_success_message_after_adding_product_to_basket",
  "historyId" : "129d58288a268e37d2f03d0aa95b37f4",
  "time" : {
    "start" : 1651771791971,
    "stop" : 1651771794218,
    "duration" : 2247
  },
  "status" : "skipped",
  "statusMessage" : "XFAIL\n\nselenium.common.exceptions.NoSuchFrameException: Message: Callback was not called before the unload event.",
  "statusTrace" : "E   selenium.common.exceptions.NoSuchFrameException: Message: Callback was not called before the unload event.",
  "flaky" : false,
  "newFailed" : false,
  "newBroken" : false,
  "newPassed" : false,
  "retriesCount" : 0,
  "retriesStatusChange" : false,
  "beforeStages" : [ {
    "name" : "browser",
    "time" : {
      "start" : 1651771781162,
      "stop" : 1651771783656,
      "duration" : 2494
    },
    "status" : "passed",
    "steps" : [ ],
    "attachments" : [ ],
    "parameters" : [ ],
    "stepsCount" : 0,
    "attachmentsCount" : 0,
    "shouldDisplayMessage" : false,
    "hasContent" : false
  } ],
  "testStage" : {
    "status" : "skipped",
    "statusMessage" : "XFAIL\n\nselenium.common.exceptions.NoSuchFrameException: Message: Callback was not called before the unload event.",
    "statusTrace" : "E   selenium.common.exceptions.NoSuchFrameException: Message: Callback was not called before the unload event.",
    "steps" : [ ],
    "attachments" : [ {
      "uid" : "d3b3a242155f27ca",
      "name" : "step_screenshot_17:29:51",
      "source" : "d3b3a242155f27ca.png",
      "type" : "image/png",
      "size" : 30007
    } ],
    "parameters" : [ ],
    "stepsCount" : 0,
    "attachmentsCount" : 1,
    "shouldDisplayMessage" : true,
    "hasContent" : true
  },
  "afterStages" : [ {
    "name" : "browser::0",
    "time" : {
      "start" : 1651771794220,
      "stop" : 1651771794568,
      "duration" : 348
    },
    "status" : "passed",
    "steps" : [ ],
    "attachments" : [ {
      "uid" : "8c3dba71042e6223",
      "name" : "QuitBrowser_17:29:54",
      "source" : "8c3dba71042e6223.png",
      "type" : "image/png",
      "size" : 286195
    } ],
    "parameters" : [ ],
    "stepsCount" : 0,
    "attachmentsCount" : 1,
    "shouldDisplayMessage" : false,
    "hasContent" : true
  } ],
  "labels" : [ {
    "name" : "tag",
    "value" : "@pytest.mark.xfail"
  }, {
    "name" : "suite",
    "value" : "test_product_page"
  }, {
    "name" : "host",
    "value" : "fv-az135-486"
  }, {
    "name" : "thread",
    "value" : "2451-MainThread"
  }, {
    "name" : "framework",
    "value" : "pytest"
  }, {
    "name" : "language",
    "value" : "cpython3"
  }, {
    "name" : "package",
    "value" : "test_product_page"
  }, {
    "name" : "resultFormat",
    "value" : "allure2"
  } ],
  "parameters" : [ {
    "name" : "browser",
    "value" : "'Safari'"
  } ],
  "links" : [ ],
  "hidden" : false,
  "retry" : false,
  "extra" : {
    "severity" : "normal",
    "retries" : [ ],
    "categories" : [ ],
    "tags" : [ "@pytest.mark.xfail" ]
  },
  "source" : "412977ec26c7f9b1.json",
  "parameterValues" : [ "'Safari'" ]
}