{
  "uid" : "442b3b65f12c3a15",
  "name" : "test_message_disappeared_after_adding_product_to_basket[Browser: Safari]",
  "fullName" : "test_product_page#test_message_disappeared_after_adding_product_to_basket",
  "historyId" : "8496e3379bf49e957c99e401757bd4f1",
  "time" : {
    "start" : 1651654692249,
    "stop" : 1651654696204,
    "duration" : 3955
  },
  "status" : "skipped",
  "statusMessage" : "XFAIL\n\nselenium.common.exceptions.NoSuchFrameException: Message: Callback was not called before the unload event.",
  "statusTrace" : "E   selenium.common.exceptions.NoSuchFrameException: Message: Callback was not called before the unload event.",
  "flaky" : false,
  "newFailed" : false,
  "newBroken" : false,
  "newPassed" : false,
  "retriesCount" : 0,
  "retriesStatusChange" : false,
  "beforeStages" : [ {
    "name" : "browser",
    "time" : {
      "start" : 1651654686111,
      "stop" : 1651654687724,
      "duration" : 1613
    },
    "status" : "passed",
    "steps" : [ ],
    "attachments" : [ ],
    "parameters" : [ ],
    "stepsCount" : 0,
    "attachmentsCount" : 0,
    "shouldDisplayMessage" : false,
    "hasContent" : false
  } ],
  "testStage" : {
    "status" : "skipped",
    "statusMessage" : "XFAIL\n\nselenium.common.exceptions.NoSuchFrameException: Message: Callback was not called before the unload event.",
    "statusTrace" : "E   selenium.common.exceptions.NoSuchFrameException: Message: Callback was not called before the unload event.",
    "steps" : [ ],
    "attachments" : [ {
      "uid" : "a422859805d876a8",
      "name" : "step_screenshot",
      "source" : "a422859805d876a8.png",
      "type" : "image/png",
      "size" : 84031
    }, {
      "uid" : "24e9555ff9862bec",
      "name" : "step_screenshot",
      "source" : "24e9555ff9862bec.png",
      "type" : "image/png",
      "size" : 84905
    } ],
    "parameters" : [ ],
    "stepsCount" : 0,
    "attachmentsCount" : 2,
    "shouldDisplayMessage" : true,
    "hasContent" : true
  },
  "afterStages" : [ {
    "name" : "browser::<lambda>",
    "time" : {
      "start" : 1651654696206,
      "stop" : 1651654696672,
      "duration" : 466
    },
    "status" : "passed",
    "steps" : [ ],
    "attachments" : [ {
      "uid" : "c2f4038ac4925b08",
      "name" : "name",
      "source" : "c2f4038ac4925b08.png",
      "type" : "image/png",
      "size" : 138450
    } ],
    "parameters" : [ ],
    "stepsCount" : 0,
    "attachmentsCount" : 1,
    "shouldDisplayMessage" : false,
    "hasContent" : true
  } ],
  "labels" : [ {
    "name" : "tag",
    "value" : "@pytest.mark.xfail"
  }, {
    "name" : "suite",
    "value" : "test_product_page"
  }, {
    "name" : "host",
    "value" : "fv-az204-445"
  }, {
    "name" : "thread",
    "value" : "2560-MainThread"
  }, {
    "name" : "framework",
    "value" : "pytest"
  }, {
    "name" : "language",
    "value" : "cpython3"
  }, {
    "name" : "package",
    "value" : "test_product_page"
  }, {
    "name" : "resultFormat",
    "value" : "allure2"
  } ],
  "parameters" : [ {
    "name" : "browser",
    "value" : "'Safari'"
  } ],
  "links" : [ ],
  "hidden" : false,
  "retry" : false,
  "extra" : {
    "severity" : "normal",
    "retries" : [ ],
    "categories" : [ ],
    "tags" : [ "@pytest.mark.xfail" ]
  },
  "source" : "442b3b65f12c3a15.json",
  "parameterValues" : [ "'Safari'" ]
}