{
  "uid" : "44d2163a924414e9",
  "name" : "test_message_disappeared_after_adding_product_to_basket[Browser: Safari]",
  "fullName" : "test_product_page#test_message_disappeared_after_adding_product_to_basket",
  "historyId" : "8496e3379bf49e957c99e401757bd4f1",
  "time" : {
    "start" : 1651682038566,
    "stop" : 1651682042315,
    "duration" : 3749
  },
  "status" : "skipped",
  "statusMessage" : "XFAIL\n\nselenium.common.exceptions.NoSuchFrameException: Message: Callback was not called before the unload event.",
  "statusTrace" : "E   selenium.common.exceptions.NoSuchFrameException: Message: Callback was not called before the unload event.",
  "flaky" : false,
  "newFailed" : false,
  "newBroken" : false,
  "newPassed" : false,
  "retriesCount" : 0,
  "retriesStatusChange" : false,
  "beforeStages" : [ {
    "name" : "browser",
    "time" : {
      "start" : 1651682024485,
      "stop" : 1651682026194,
      "duration" : 1709
    },
    "status" : "passed",
    "steps" : [ ],
    "attachments" : [ ],
    "parameters" : [ ],
    "stepsCount" : 0,
    "attachmentsCount" : 0,
    "shouldDisplayMessage" : false,
    "hasContent" : false
  } ],
  "testStage" : {
    "status" : "skipped",
    "statusMessage" : "XFAIL\n\nselenium.common.exceptions.NoSuchFrameException: Message: Callback was not called before the unload event.",
    "statusTrace" : "E   selenium.common.exceptions.NoSuchFrameException: Message: Callback was not called before the unload event.",
    "steps" : [ ],
    "attachments" : [ {
      "uid" : "5b15aeec77710b02",
      "name" : "step_screenshot_16:33:58",
      "source" : "5b15aeec77710b02.png",
      "type" : "image/png",
      "size" : 30007
    }, {
      "uid" : "a588ce58cf6a4510",
      "name" : "step_screenshot_16:34:02",
      "source" : "a588ce58cf6a4510.png",
      "type" : "image/png",
      "size" : 162926
    } ],
    "parameters" : [ ],
    "stepsCount" : 0,
    "attachmentsCount" : 2,
    "shouldDisplayMessage" : true,
    "hasContent" : true
  },
  "afterStages" : [ {
    "name" : "browser::<lambda>",
    "time" : {
      "start" : 1651682042318,
      "stop" : 1651682042687,
      "duration" : 369
    },
    "status" : "passed",
    "steps" : [ ],
    "attachments" : [ {
      "uid" : "a895af455fd4d799",
      "name" : "name",
      "source" : "a895af455fd4d799.png",
      "type" : "image/png",
      "size" : 164480
    } ],
    "parameters" : [ ],
    "stepsCount" : 0,
    "attachmentsCount" : 1,
    "shouldDisplayMessage" : false,
    "hasContent" : true
  } ],
  "labels" : [ {
    "name" : "tag",
    "value" : "@pytest.mark.xfail"
  }, {
    "name" : "suite",
    "value" : "test_product_page"
  }, {
    "name" : "host",
    "value" : "fv-az39-158"
  }, {
    "name" : "thread",
    "value" : "2606-MainThread"
  }, {
    "name" : "framework",
    "value" : "pytest"
  }, {
    "name" : "language",
    "value" : "cpython3"
  }, {
    "name" : "package",
    "value" : "test_product_page"
  }, {
    "name" : "resultFormat",
    "value" : "allure2"
  } ],
  "parameters" : [ {
    "name" : "browser",
    "value" : "'Safari'"
  } ],
  "links" : [ ],
  "hidden" : false,
  "retry" : false,
  "extra" : {
    "severity" : "normal",
    "retries" : [ ],
    "categories" : [ ],
    "tags" : [ "@pytest.mark.xfail" ]
  },
  "source" : "44d2163a924414e9.json",
  "parameterValues" : [ "'Safari'" ]
}