{
  "uid" : "9f0b2e9180cc062e",
  "name" : "test_guest_cant_see_product_in_basket_opened_from_product_page[Browser: Firefox]",
  "fullName" : "test_product_page#test_guest_cant_see_product_in_basket_opened_from_product_page",
  "historyId" : "b1b6dfe13ae0bf3ee3e7d4e08d44f1db",
  "time" : {
    "start" : 1651654678689,
    "stop" : 1651654683193,
    "duration" : 4504
  },
  "status" : "broken",
  "statusMessage" : "selenium.common.exceptions.NoSuchElementException: Message: Unable to locate element: .btn-group >a\nStacktrace:\nWebDriverError@chrome://remote/content/shared/webdriver/Errors.jsm:183:5\nNoSuchElementError@chrome://remote/content/shared/webdriver/Errors.jsm:395:5\nelement.find/</<@chrome://remote/content/marionette/element.js:300:16",
  "statusTrace" : "E   selenium.common.exceptions.NoSuchElementException: Message: Unable to locate element: .btn-group >a\n    Stacktrace:\n    WebDriverError@chrome://remote/content/shared/webdriver/Errors.jsm:183:5\n    NoSuchElementError@chrome://remote/content/shared/webdriver/Errors.jsm:395:5\n    element.find/</<@chrome://remote/content/marionette/element.js:300:16",
  "flaky" : false,
  "newFailed" : false,
  "newBroken" : false,
  "newPassed" : false,
  "retriesCount" : 0,
  "retriesStatusChange" : false,
  "beforeStages" : [ {
    "name" : "browser",
    "time" : {
      "start" : 1651654660468,
      "stop" : 1651654675239,
      "duration" : 14771
    },
    "status" : "passed",
    "steps" : [ ],
    "attachments" : [ ],
    "parameters" : [ ],
    "stepsCount" : 0,
    "attachmentsCount" : 0,
    "shouldDisplayMessage" : false,
    "hasContent" : false
  } ],
  "testStage" : {
    "status" : "broken",
    "statusMessage" : "selenium.common.exceptions.NoSuchElementException: Message: Unable to locate element: .btn-group >a\nStacktrace:\nWebDriverError@chrome://remote/content/shared/webdriver/Errors.jsm:183:5\nNoSuchElementError@chrome://remote/content/shared/webdriver/Errors.jsm:395:5\nelement.find/</<@chrome://remote/content/marionette/element.js:300:16",
    "statusTrace" : "E   selenium.common.exceptions.NoSuchElementException: Message: Unable to locate element: .btn-group >a\n    Stacktrace:\n    WebDriverError@chrome://remote/content/shared/webdriver/Errors.jsm:183:5\n    NoSuchElementError@chrome://remote/content/shared/webdriver/Errors.jsm:395:5\n    element.find/</<@chrome://remote/content/marionette/element.js:300:16",
    "steps" : [ ],
    "attachments" : [ {
      "uid" : "180c8d9b7dde4733",
      "name" : "step_screenshot",
      "source" : "180c8d9b7dde4733.png",
      "type" : "image/png",
      "size" : 65908
    }, {
      "uid" : "ac22685634ad1991",
      "name" : "step_screenshot",
      "source" : "ac22685634ad1991.png",
      "type" : "image/png",
      "size" : 59658
    }, {
      "uid" : "a3358bf34fe16b09",
      "name" : "step_screenshot",
      "source" : "a3358bf34fe16b09.png",
      "type" : "image/png",
      "size" : 59658
    } ],
    "parameters" : [ ],
    "stepsCount" : 0,
    "attachmentsCount" : 3,
    "shouldDisplayMessage" : true,
    "hasContent" : true
  },
  "afterStages" : [ {
    "name" : "browser::<lambda>",
    "time" : {
      "start" : 1651654683370,
      "stop" : 1651654683416,
      "duration" : 46
    },
    "status" : "passed",
    "steps" : [ ],
    "attachments" : [ {
      "uid" : "596199ee07840386",
      "name" : "name",
      "source" : "596199ee07840386.png",
      "type" : "image/png",
      "size" : 59658
    } ],
    "parameters" : [ ],
    "stepsCount" : 0,
    "attachmentsCount" : 1,
    "shouldDisplayMessage" : false,
    "hasContent" : true
  } ],
  "labels" : [ {
    "name" : "tag",
    "value" : "need_review"
  }, {
    "name" : "suite",
    "value" : "test_product_page"
  }, {
    "name" : "host",
    "value" : "fv-az204-445"
  }, {
    "name" : "thread",
    "value" : "2554-MainThread"
  }, {
    "name" : "framework",
    "value" : "pytest"
  }, {
    "name" : "language",
    "value" : "cpython3"
  }, {
    "name" : "package",
    "value" : "test_product_page"
  }, {
    "name" : "resultFormat",
    "value" : "allure2"
  } ],
  "parameters" : [ {
    "name" : "browser",
    "value" : "'Firefox'"
  } ],
  "links" : [ ],
  "hidden" : false,
  "retry" : false,
  "extra" : {
    "severity" : "normal",
    "retries" : [ ],
    "categories" : [ {
      "name" : "Test defects",
      "matchedStatuses" : [ ],
      "flaky" : false
    } ],
    "tags" : [ "need_review" ]
  },
  "source" : "9f0b2e9180cc062e.json",
  "parameterValues" : [ "'Firefox'" ]
}