{
  "uid" : "b0b220d98e16913b",
  "name" : "test_guest_cant_see_success_message_after_adding_product_to_basket[Browser: Safari]",
  "fullName" : "test_product_page#test_guest_cant_see_success_message_after_adding_product_to_basket",
  "historyId" : "129d58288a268e37d2f03d0aa95b37f4",
  "time" : {
    "start" : 1651608310369,
    "stop" : 1651608312138,
    "duration" : 1769
  },
  "status" : "skipped",
  "statusMessage" : "XFAIL\n\nselenium.common.exceptions.NoSuchFrameException: Message: Callback was not called before the unload event.",
  "statusTrace" : "E   selenium.common.exceptions.NoSuchFrameException: Message: Callback was not called before the unload event.",
  "flaky" : false,
  "newFailed" : false,
  "newBroken" : false,
  "newPassed" : false,
  "retriesCount" : 0,
  "retriesStatusChange" : false,
  "beforeStages" : [ {
    "name" : "browser",
    "time" : {
      "start" : 1651608303818,
      "stop" : 1651608305366,
      "duration" : 1548
    },
    "status" : "passed",
    "steps" : [ ],
    "attachments" : [ ],
    "parameters" : [ ],
    "stepsCount" : 0,
    "attachmentsCount" : 0,
    "shouldDisplayMessage" : false,
    "hasContent" : false
  } ],
  "testStage" : {
    "status" : "skipped",
    "statusMessage" : "XFAIL\n\nselenium.common.exceptions.NoSuchFrameException: Message: Callback was not called before the unload event.",
    "statusTrace" : "E   selenium.common.exceptions.NoSuchFrameException: Message: Callback was not called before the unload event.",
    "steps" : [ ],
    "attachments" : [ {
      "uid" : "248d117b477c56b",
      "name" : "screenshot",
      "source" : "248d117b477c56b.png",
      "type" : "image/png",
      "size" : 54199
    }, {
      "uid" : "b3fbe5b002904039",
      "name" : "screenshot",
      "source" : "b3fbe5b002904039.png",
      "type" : "image/png",
      "size" : 138310
    } ],
    "parameters" : [ ],
    "stepsCount" : 0,
    "attachmentsCount" : 2,
    "shouldDisplayMessage" : true,
    "hasContent" : true
  },
  "afterStages" : [ {
    "name" : "browser::<lambda>",
    "time" : {
      "start" : 1651608318617,
      "stop" : 1651608318740,
      "duration" : 123
    },
    "status" : "passed",
    "steps" : [ ],
    "attachments" : [ {
      "uid" : "ca9652730cf6112a",
      "name" : "name",
      "source" : "ca9652730cf6112a.png",
      "type" : "image/png",
      "size" : 32112
    } ],
    "parameters" : [ ],
    "stepsCount" : 0,
    "attachmentsCount" : 1,
    "shouldDisplayMessage" : false,
    "hasContent" : true
  } ],
  "labels" : [ {
    "name" : "tag",
    "value" : "@pytest.mark.xfail"
  }, {
    "name" : "suite",
    "value" : "test_product_page"
  }, {
    "name" : "host",
    "value" : "fv-az204-445"
  }, {
    "name" : "thread",
    "value" : "2587-MainThread"
  }, {
    "name" : "framework",
    "value" : "pytest"
  }, {
    "name" : "language",
    "value" : "cpython3"
  }, {
    "name" : "package",
    "value" : "test_product_page"
  }, {
    "name" : "resultFormat",
    "value" : "allure2"
  } ],
  "parameters" : [ {
    "name" : "browser",
    "value" : "'Safari'"
  } ],
  "links" : [ ],
  "hidden" : false,
  "retry" : false,
  "extra" : {
    "severity" : "normal",
    "retries" : [ ],
    "categories" : [ ],
    "tags" : [ "@pytest.mark.xfail" ]
  },
  "source" : "b0b220d98e16913b.json",
  "parameterValues" : [ "'Safari'" ]
}