{
  "uid" : "b29aee942d26eebc",
  "name" : "test_guest_can_add_product_to_basket[Browser: Firefox]",
  "fullName" : "test_product_page#test_guest_can_add_product_to_basket",
  "historyId" : "ccb6e2d69324a85239c123c4e9316119",
  "time" : {
    "start" : 1651608296704,
    "stop" : 1651608304477,
    "duration" : 7773
  },
  "status" : "broken",
  "statusMessage" : "selenium.common.exceptions.NoSuchElementException: Message: Unable to locate element: .alert:nth-child(1) strong\nStacktrace:\nWebDriverError@chrome://remote/content/shared/webdriver/Errors.jsm:183:5\nNoSuchElementError@chrome://remote/content/shared/webdriver/Errors.jsm:395:5\nelement.find/</<@chrome://remote/content/marionette/element.js:300:16",
  "statusTrace" : "E   selenium.common.exceptions.NoSuchElementException: Message: Unable to locate element: .alert:nth-child(1) strong\n    Stacktrace:\n    WebDriverError@chrome://remote/content/shared/webdriver/Errors.jsm:183:5\n    NoSuchElementError@chrome://remote/content/shared/webdriver/Errors.jsm:395:5\n    element.find/</<@chrome://remote/content/marionette/element.js:300:16",
  "flaky" : false,
  "newFailed" : false,
  "newBroken" : false,
  "newPassed" : false,
  "retriesCount" : 0,
  "retriesStatusChange" : false,
  "beforeStages" : [ {
    "name" : "browser",
    "time" : {
      "start" : 1651608281102,
      "stop" : 1651608296378,
      "duration" : 15276
    },
    "status" : "passed",
    "steps" : [ ],
    "attachments" : [ ],
    "parameters" : [ ],
    "stepsCount" : 0,
    "attachmentsCount" : 0,
    "shouldDisplayMessage" : false,
    "hasContent" : false
  } ],
  "testStage" : {
    "status" : "broken",
    "statusMessage" : "selenium.common.exceptions.NoSuchElementException: Message: Unable to locate element: .alert:nth-child(1) strong\nStacktrace:\nWebDriverError@chrome://remote/content/shared/webdriver/Errors.jsm:183:5\nNoSuchElementError@chrome://remote/content/shared/webdriver/Errors.jsm:395:5\nelement.find/</<@chrome://remote/content/marionette/element.js:300:16",
    "statusTrace" : "E   selenium.common.exceptions.NoSuchElementException: Message: Unable to locate element: .alert:nth-child(1) strong\n    Stacktrace:\n    WebDriverError@chrome://remote/content/shared/webdriver/Errors.jsm:183:5\n    NoSuchElementError@chrome://remote/content/shared/webdriver/Errors.jsm:395:5\n    element.find/</<@chrome://remote/content/marionette/element.js:300:16",
    "steps" : [ ],
    "attachments" : [ {
      "uid" : "e8b6fe5db8e337e5",
      "name" : "screenshot",
      "source" : "e8b6fe5db8e337e5.png",
      "type" : "image/png",
      "size" : 21801
    }, {
      "uid" : "4d2a3128cc8c310c",
      "name" : "screenshot",
      "source" : "4d2a3128cc8c310c.png",
      "type" : "image/png",
      "size" : 59658
    }, {
      "uid" : "590fa800731ef34",
      "name" : "stdout",
      "source" : "590fa800731ef34.txt",
      "type" : "text/plain",
      "size" : 154
    }, {
      "uid" : "30f0299688571c72",
      "name" : "screenshot",
      "source" : "30f0299688571c72.png",
      "type" : "image/png",
      "size" : 59658
    } ],
    "parameters" : [ ],
    "stepsCount" : 0,
    "attachmentsCount" : 4,
    "shouldDisplayMessage" : true,
    "hasContent" : true
  },
  "afterStages" : [ {
    "name" : "browser::<lambda>",
    "time" : {
      "start" : 1651608313858,
      "stop" : 1651608313963,
      "duration" : 105
    },
    "status" : "passed",
    "steps" : [ ],
    "attachments" : [ {
      "uid" : "961a341ef923595d",
      "name" : "name",
      "source" : "961a341ef923595d.png",
      "type" : "image/png",
      "size" : 47991
    } ],
    "parameters" : [ ],
    "stepsCount" : 0,
    "attachmentsCount" : 1,
    "shouldDisplayMessage" : false,
    "hasContent" : true
  } ],
  "labels" : [ {
    "name" : "tag",
    "value" : "need_review"
  }, {
    "name" : "suite",
    "value" : "test_product_page"
  }, {
    "name" : "host",
    "value" : "fv-az204-445"
  }, {
    "name" : "thread",
    "value" : "2589-MainThread"
  }, {
    "name" : "framework",
    "value" : "pytest"
  }, {
    "name" : "language",
    "value" : "cpython3"
  }, {
    "name" : "package",
    "value" : "test_product_page"
  }, {
    "name" : "resultFormat",
    "value" : "allure2"
  } ],
  "parameters" : [ {
    "name" : "browser",
    "value" : "'Firefox'"
  } ],
  "links" : [ ],
  "hidden" : false,
  "retry" : false,
  "extra" : {
    "severity" : "normal",
    "retries" : [ ],
    "categories" : [ {
      "name" : "Test defects",
      "matchedStatuses" : [ ],
      "flaky" : false
    } ],
    "tags" : [ "need_review" ]
  },
  "source" : "b29aee942d26eebc.json",
  "parameterValues" : [ "'Firefox'" ]
}