{
  "uid" : "c240349bbf467d0",
  "name" : "test_guest_cant_see_success_message_after_adding_product_to_basket[Browser: Safari]",
  "fullName" : "test_product_page#test_guest_cant_see_success_message_after_adding_product_to_basket",
  "historyId" : "129d58288a268e37d2f03d0aa95b37f4",
  "time" : {
    "start" : 1651757552610,
    "stop" : 1651757558908,
    "duration" : 6298
  },
  "status" : "skipped",
  "statusMessage" : "XFAIL\n\nselenium.common.exceptions.NoSuchFrameException: Message: Callback was not called before the unload event.",
  "statusTrace" : "E   selenium.common.exceptions.NoSuchFrameException: Message: Callback was not called before the unload event.",
  "flaky" : false,
  "newFailed" : false,
  "newBroken" : false,
  "newPassed" : false,
  "retriesCount" : 0,
  "retriesStatusChange" : false,
  "beforeStages" : [ {
    "name" : "browser",
    "time" : {
      "start" : 1651757547702,
      "stop" : 1651757549837,
      "duration" : 2135
    },
    "status" : "passed",
    "steps" : [ ],
    "attachments" : [ ],
    "parameters" : [ ],
    "stepsCount" : 0,
    "attachmentsCount" : 0,
    "shouldDisplayMessage" : false,
    "hasContent" : false
  } ],
  "testStage" : {
    "status" : "skipped",
    "statusMessage" : "XFAIL\n\nselenium.common.exceptions.NoSuchFrameException: Message: Callback was not called before the unload event.",
    "statusTrace" : "E   selenium.common.exceptions.NoSuchFrameException: Message: Callback was not called before the unload event.",
    "steps" : [ ],
    "attachments" : [ {
      "uid" : "aa255007f4c9459b",
      "name" : "step_screenshot_13:32:32",
      "source" : "aa255007f4c9459b.png",
      "type" : "image/png",
      "size" : 43369
    }, {
      "uid" : "61499ac737baecdc",
      "name" : "step_screenshot_13:32:39",
      "source" : "61499ac737baecdc.png",
      "type" : "image/png",
      "size" : 286195
    } ],
    "parameters" : [ ],
    "stepsCount" : 0,
    "attachmentsCount" : 2,
    "shouldDisplayMessage" : true,
    "hasContent" : true
  },
  "afterStages" : [ {
    "name" : "browser::0",
    "time" : {
      "start" : 1651757559452,
      "stop" : 1651757559808,
      "duration" : 356
    },
    "status" : "passed",
    "steps" : [ ],
    "attachments" : [ {
      "uid" : "cc56d655d77e4f4f",
      "name" : "QuitBrowser_13:32:39",
      "source" : "cc56d655d77e4f4f.png",
      "type" : "image/png",
      "size" : 287121
    } ],
    "parameters" : [ ],
    "stepsCount" : 0,
    "attachmentsCount" : 1,
    "shouldDisplayMessage" : false,
    "hasContent" : true
  } ],
  "labels" : [ {
    "name" : "tag",
    "value" : "@pytest.mark.xfail"
  }, {
    "name" : "suite",
    "value" : "test_product_page"
  }, {
    "name" : "host",
    "value" : "fv-az204-16"
  }, {
    "name" : "thread",
    "value" : "2452-MainThread"
  }, {
    "name" : "framework",
    "value" : "pytest"
  }, {
    "name" : "language",
    "value" : "cpython3"
  }, {
    "name" : "package",
    "value" : "test_product_page"
  }, {
    "name" : "resultFormat",
    "value" : "allure2"
  } ],
  "parameters" : [ {
    "name" : "browser",
    "value" : "'Safari'"
  } ],
  "links" : [ ],
  "hidden" : false,
  "retry" : false,
  "extra" : {
    "severity" : "normal",
    "retries" : [ ],
    "categories" : [ ],
    "tags" : [ "@pytest.mark.xfail" ]
  },
  "source" : "c240349bbf467d0.json",
  "parameterValues" : [ "'Safari'" ]
}