{
  "uid" : "d2399936966bce74",
  "name" : "test_user_can_add_product_to_basket[Browser: Firefox]",
  "fullName" : "test_product_page.TestUserAddToBasketFromProductPage#test_user_can_add_product_to_basket",
  "historyId" : "b230991c9271d25583541030af9a4a62",
  "time" : {
    "start" : 1651656964399,
    "stop" : 1651656964399,
    "duration" : 0
  },
  "status" : "skipped",
  "statusMessage" : "XFAIL\n\nselenium.common.exceptions.NoSuchElementException: Message: Unable to locate element: #id_registration-email\nStacktrace:\nWebDriverError@chrome://remote/content/shared/webdriver/Errors.jsm:183:5\nNoSuchElementError@chrome://remote/content/shared/webdriver/Errors.jsm:395:5\nelement.find/</<@chrome://remote/content/marionette/element.js:300:16",
  "statusTrace" : "E   selenium.common.exceptions.NoSuchElementException: Message: Unable to locate element: #id_registration-email\n    Stacktrace:\n    WebDriverError@chrome://remote/content/shared/webdriver/Errors.jsm:183:5\n    NoSuchElementError@chrome://remote/content/shared/webdriver/Errors.jsm:395:5\n    element.find/</<@chrome://remote/content/marionette/element.js:300:16",
  "flaky" : false,
  "newFailed" : false,
  "newBroken" : false,
  "newPassed" : false,
  "retriesCount" : 0,
  "retriesStatusChange" : false,
  "beforeStages" : [ {
    "name" : "browser",
    "time" : {
      "start" : 1651656914360,
      "stop" : 1651656927263,
      "duration" : 12903
    },
    "status" : "passed",
    "steps" : [ ],
    "attachments" : [ ],
    "parameters" : [ ],
    "stepsCount" : 0,
    "attachmentsCount" : 0,
    "shouldDisplayMessage" : false,
    "hasContent" : false
  }, {
    "name" : "setup",
    "time" : {
      "start" : 1651656964400,
      "stop" : 1651656969252,
      "duration" : 4852
    },
    "status" : "broken",
    "statusMessage" : "selenium.common.exceptions.NoSuchElementException: Message: Unable to locate element: #id_registration-email\nStacktrace:\nWebDriverError@chrome://remote/content/shared/webdriver/Errors.jsm:183:5\nNoSuchElementError@chrome://remote/content/shared/webdriver/Errors.jsm:395:5\nelement.find/</<@chrome://remote/content/marionette/element.js:300:16\n\n",
    "statusTrace" : "  File \"/opt/hostedtoolcache/Python/3.10.4/x64/lib/python3.10/site-packages/pluggy/_callers.py\", line 39, in _multicall\n    res = hook_impl.function(*args)\n  File \"/opt/hostedtoolcache/Python/3.10.4/x64/lib/python3.10/site-packages/_pytest/fixtures.py\", line 1126, in pytest_fixture_setup\n    result = call_fixture_func(fixturefunc, request, kwargs)\n  File \"/opt/hostedtoolcache/Python/3.10.4/x64/lib/python3.10/site-packages/_pytest/fixtures.py\", line 932, in call_fixture_func\n    fixture_result = fixturefunc(**kwargs)\n  File \"/home/runner/work/auto_py_final/auto_py_final/test_product_page.py\", line 88, in setup\n    page.register_new_user(new_email, new_password)\n  File \"/home/runner/work/auto_py_final/auto_py_final/pages/login_page.py\", line 25, in register_new_user\n    self.browser.find_element(*LoginPageLocators.REGISTER_EMAIL).send_keys(email)\n  File \"/opt/hostedtoolcache/Python/3.10.4/x64/lib/python3.10/site-packages/selenium/webdriver/remote/webdriver.py\", line 1248, in find_element\n    return self.execute(Command.FIND_ELEMENT, {\n  File \"/opt/hostedtoolcache/Python/3.10.4/x64/lib/python3.10/site-packages/selenium/webdriver/remote/webdriver.py\", line 425, in execute\n    self.error_handler.check_response(response)\n  File \"/opt/hostedtoolcache/Python/3.10.4/x64/lib/python3.10/site-packages/selenium/webdriver/remote/errorhandler.py\", line 247, in check_response\n    raise exception_class(message, screen, stacktrace)\n",
    "steps" : [ ],
    "attachments" : [ ],
    "parameters" : [ ],
    "stepsCount" : 0,
    "attachmentsCount" : 0,
    "shouldDisplayMessage" : true,
    "hasContent" : true
  } ],
  "testStage" : {
    "status" : "skipped",
    "statusMessage" : "XFAIL\n\nselenium.common.exceptions.NoSuchElementException: Message: Unable to locate element: #id_registration-email\nStacktrace:\nWebDriverError@chrome://remote/content/shared/webdriver/Errors.jsm:183:5\nNoSuchElementError@chrome://remote/content/shared/webdriver/Errors.jsm:395:5\nelement.find/</<@chrome://remote/content/marionette/element.js:300:16",
    "statusTrace" : "E   selenium.common.exceptions.NoSuchElementException: Message: Unable to locate element: #id_registration-email\n    Stacktrace:\n    WebDriverError@chrome://remote/content/shared/webdriver/Errors.jsm:183:5\n    NoSuchElementError@chrome://remote/content/shared/webdriver/Errors.jsm:395:5\n    element.find/</<@chrome://remote/content/marionette/element.js:300:16",
    "steps" : [ ],
    "attachments" : [ {
      "uid" : "9e738150f864314e",
      "name" : "step_screenshot",
      "source" : "9e738150f864314e.png",
      "type" : "image/png",
      "size" : 133435
    } ],
    "parameters" : [ ],
    "stepsCount" : 0,
    "attachmentsCount" : 1,
    "shouldDisplayMessage" : true,
    "hasContent" : true
  },
  "afterStages" : [ {
    "name" : "browser::<lambda>",
    "time" : {
      "start" : 1651656969583,
      "stop" : 1651656969764,
      "duration" : 181
    },
    "status" : "passed",
    "steps" : [ ],
    "attachments" : [ {
      "uid" : "93724bfaf7ae43b6",
      "name" : "name",
      "source" : "93724bfaf7ae43b6.png",
      "type" : "image/png",
      "size" : 133435
    } ],
    "parameters" : [ ],
    "stepsCount" : 0,
    "attachmentsCount" : 1,
    "shouldDisplayMessage" : false,
    "hasContent" : true
  } ],
  "labels" : [ {
    "name" : "tag",
    "value" : "@pytest.mark.xfail"
  }, {
    "name" : "tag",
    "value" : "need_review"
  }, {
    "name" : "tag",
    "value" : "new"
  }, {
    "name" : "suite",
    "value" : "test_product_page"
  }, {
    "name" : "subSuite",
    "value" : "TestUserAddToBasketFromProductPage"
  }, {
    "name" : "host",
    "value" : "fv-az200-700"
  }, {
    "name" : "thread",
    "value" : "2598-MainThread"
  }, {
    "name" : "framework",
    "value" : "pytest"
  }, {
    "name" : "language",
    "value" : "cpython3"
  }, {
    "name" : "package",
    "value" : "test_product_page"
  }, {
    "name" : "resultFormat",
    "value" : "allure2"
  } ],
  "parameters" : [ {
    "name" : "browser",
    "value" : "'Firefox'"
  } ],
  "links" : [ ],
  "hidden" : false,
  "retry" : false,
  "extra" : {
    "severity" : "normal",
    "retries" : [ ],
    "categories" : [ ],
    "tags" : [ "@pytest.mark.xfail", "new", "need_review" ]
  },
  "source" : "d2399936966bce74.json",
  "parameterValues" : [ "'Firefox'" ]
}