{
  "uid" : "ee16da4df219b599",
  "name" : "test_user_can_add_product_to_basket[Browser: Safari]",
  "fullName" : "test_product_page.TestUserAddToBasketFromProductPage#test_user_can_add_product_to_basket",
  "historyId" : "a7d3a974eeba70bcc04338228e8d207c",
  "time" : {
    "start" : 1651654693694,
    "stop" : 1651654697493,
    "duration" : 3799
  },
  "status" : "skipped",
  "statusMessage" : "XFAIL\n\nselenium.common.exceptions.NoSuchElementException: Message:",
  "statusTrace" : "E   selenium.common.exceptions.NoSuchElementException: Message:",
  "flaky" : false,
  "newFailed" : false,
  "newBroken" : false,
  "newPassed" : false,
  "retriesCount" : 0,
  "retriesStatusChange" : false,
  "beforeStages" : [ {
    "name" : "browser",
    "time" : {
      "start" : 1651654683417,
      "stop" : 1651654685129,
      "duration" : 1712
    },
    "status" : "passed",
    "steps" : [ ],
    "attachments" : [ ],
    "parameters" : [ ],
    "stepsCount" : 0,
    "attachmentsCount" : 0,
    "shouldDisplayMessage" : false,
    "hasContent" : false
  }, {
    "name" : "setup",
    "time" : {
      "start" : 1651654692760,
      "stop" : 1651654693590,
      "duration" : 830
    },
    "status" : "passed",
    "steps" : [ ],
    "attachments" : [ ],
    "parameters" : [ ],
    "stepsCount" : 0,
    "attachmentsCount" : 0,
    "shouldDisplayMessage" : false,
    "hasContent" : false
  } ],
  "testStage" : {
    "status" : "skipped",
    "statusMessage" : "XFAIL\n\nselenium.common.exceptions.NoSuchElementException: Message:",
    "statusTrace" : "E   selenium.common.exceptions.NoSuchElementException: Message:",
    "steps" : [ ],
    "attachments" : [ {
      "uid" : "5c6feaa4e17b6bc7",
      "name" : "step_screenshot",
      "source" : "5c6feaa4e17b6bc7.png",
      "type" : "image/png",
      "size" : 43344
    }, {
      "uid" : "1232ad1f57b932af",
      "name" : "stdout",
      "source" : "1232ad1f57b932af.txt",
      "type" : "text/plain",
      "size" : 26
    } ],
    "parameters" : [ ],
    "stepsCount" : 0,
    "attachmentsCount" : 2,
    "shouldDisplayMessage" : true,
    "hasContent" : true
  },
  "afterStages" : [ {
    "name" : "browser::<lambda>",
    "time" : {
      "start" : 1651654697496,
      "stop" : 1651654697502,
      "duration" : 6
    },
    "status" : "broken",
    "statusMessage" : "selenium.common.exceptions.UnexpectedAlertPresentException: Alert Text: Поздравляем, вы справились! Вставьте это число в поле ответа на Stepik: 27.270048772754087\nMessage: \n\n",
    "statusTrace" : "  File \"/opt/hostedtoolcache/Python/3.10.4/x64/lib/python3.10/site-packages/allure_commons/_allure.py\", line 200, in __call__\n    return self._fixture_function(*args, **kwargs)\n  File \"/home/runner/work/auto_py_final/auto_py_final/conftest.py\", line 34, in <lambda>\n    request.addfinalizer(lambda *args: allure.attach(browser.get_screenshot_as_png(), name='name',\n  File \"/opt/hostedtoolcache/Python/3.10.4/x64/lib/python3.10/site-packages/selenium/webdriver/remote/webdriver.py\", line 1357, in get_screenshot_as_png\n    return b64decode(self.get_screenshot_as_base64().encode('ascii'))\n  File \"/opt/hostedtoolcache/Python/3.10.4/x64/lib/python3.10/site-packages/selenium/webdriver/remote/webdriver.py\", line 1369, in get_screenshot_as_base64\n    return self.execute(Command.SCREENSHOT)['value']\n  File \"/opt/hostedtoolcache/Python/3.10.4/x64/lib/python3.10/site-packages/selenium/webdriver/remote/webdriver.py\", line 425, in execute\n    self.error_handler.check_response(response)\n  File \"/opt/hostedtoolcache/Python/3.10.4/x64/lib/python3.10/site-packages/selenium/webdriver/remote/errorhandler.py\", line 246, in check_response\n    raise exception_class(message, screen, stacktrace, alert_text)  # type: ignore[call-arg]  # mypy is not smart enough here\n",
    "steps" : [ ],
    "attachments" : [ ],
    "parameters" : [ ],
    "stepsCount" : 0,
    "attachmentsCount" : 0,
    "shouldDisplayMessage" : true,
    "hasContent" : true
  } ],
  "labels" : [ {
    "name" : "tag",
    "value" : "@pytest.mark.xfail"
  }, {
    "name" : "tag",
    "value" : "new"
  }, {
    "name" : "tag",
    "value" : "need_review"
  }, {
    "name" : "suite",
    "value" : "test_product_page"
  }, {
    "name" : "subSuite",
    "value" : "TestUserAddToBasketFromProductPage"
  }, {
    "name" : "host",
    "value" : "fv-az204-445"
  }, {
    "name" : "thread",
    "value" : "2554-MainThread"
  }, {
    "name" : "framework",
    "value" : "pytest"
  }, {
    "name" : "language",
    "value" : "cpython3"
  }, {
    "name" : "package",
    "value" : "test_product_page"
  }, {
    "name" : "resultFormat",
    "value" : "allure2"
  } ],
  "parameters" : [ {
    "name" : "browser",
    "value" : "'Safari'"
  } ],
  "links" : [ ],
  "hidden" : false,
  "retry" : false,
  "extra" : {
    "severity" : "normal",
    "retries" : [ ],
    "categories" : [ ],
    "tags" : [ "@pytest.mark.xfail", "new", "need_review" ]
  },
  "source" : "ee16da4df219b599.json",
  "parameterValues" : [ "'Safari'" ]
}