{
  "uid" : "f8ad28661c193dcc",
  "name" : "test_message_disappeared_after_adding_product_to_basket[Browser: Safari]",
  "fullName" : "test_product_page#test_message_disappeared_after_adding_product_to_basket",
  "historyId" : "8496e3379bf49e957c99e401757bd4f1",
  "time" : {
    "start" : 1651683182658,
    "stop" : 1651683184071,
    "duration" : 1413
  },
  "status" : "skipped",
  "statusMessage" : "XFAIL\n\nselenium.common.exceptions.NoSuchFrameException: Message: Callback was not called before the unload event.",
  "statusTrace" : "E   selenium.common.exceptions.NoSuchFrameException: Message: Callback was not called before the unload event.",
  "flaky" : false,
  "newFailed" : false,
  "newBroken" : false,
  "newPassed" : false,
  "retriesCount" : 0,
  "retriesStatusChange" : false,
  "beforeStages" : [ {
    "name" : "browser",
    "time" : {
      "start" : 1651683165345,
      "stop" : 1651683166687,
      "duration" : 1342
    },
    "status" : "passed",
    "steps" : [ ],
    "attachments" : [ ],
    "parameters" : [ ],
    "stepsCount" : 0,
    "attachmentsCount" : 0,
    "shouldDisplayMessage" : false,
    "hasContent" : false
  } ],
  "testStage" : {
    "status" : "skipped",
    "statusMessage" : "XFAIL\n\nselenium.common.exceptions.NoSuchFrameException: Message: Callback was not called before the unload event.",
    "statusTrace" : "E   selenium.common.exceptions.NoSuchFrameException: Message: Callback was not called before the unload event.",
    "steps" : [ ],
    "attachments" : [ {
      "uid" : "78925dc641403c94",
      "name" : "step_screenshot_16:53:02",
      "source" : "78925dc641403c94.png",
      "type" : "image/png",
      "size" : 93647
    }, {
      "uid" : "90de4ac9b5a8b479",
      "name" : "step_screenshot_16:53:04",
      "source" : "90de4ac9b5a8b479.png",
      "type" : "image/png",
      "size" : 164655
    } ],
    "parameters" : [ ],
    "stepsCount" : 0,
    "attachmentsCount" : 2,
    "shouldDisplayMessage" : true,
    "hasContent" : true
  },
  "afterStages" : [ {
    "name" : "browser::<lambda>",
    "time" : {
      "start" : 1651683203766,
      "stop" : 1651683203887,
      "duration" : 121
    },
    "status" : "passed",
    "steps" : [ ],
    "attachments" : [ {
      "uid" : "b063fa4103708135",
      "name" : "name",
      "source" : "b063fa4103708135.png",
      "type" : "image/png",
      "size" : 162926
    } ],
    "parameters" : [ ],
    "stepsCount" : 0,
    "attachmentsCount" : 1,
    "shouldDisplayMessage" : false,
    "hasContent" : true
  } ],
  "labels" : [ {
    "name" : "tag",
    "value" : "@pytest.mark.xfail"
  }, {
    "name" : "suite",
    "value" : "test_product_page"
  }, {
    "name" : "host",
    "value" : "fv-az38-367"
  }, {
    "name" : "thread",
    "value" : "2579-MainThread"
  }, {
    "name" : "framework",
    "value" : "pytest"
  }, {
    "name" : "language",
    "value" : "cpython3"
  }, {
    "name" : "package",
    "value" : "test_product_page"
  }, {
    "name" : "resultFormat",
    "value" : "allure2"
  } ],
  "parameters" : [ {
    "name" : "browser",
    "value" : "'Safari'"
  } ],
  "links" : [ ],
  "hidden" : false,
  "retry" : false,
  "extra" : {
    "severity" : "normal",
    "retries" : [ ],
    "categories" : [ ],
    "tags" : [ "@pytest.mark.xfail" ]
  },
  "source" : "f8ad28661c193dcc.json",
  "parameterValues" : [ "'Safari'" ]
}